<html>
<head>
<title>TestNG:  Default test</title>
<link href="../testng.css" rel="stylesheet" type="text/css" />
<link href="../my-testng.css" rel="stylesheet" type="text/css" />

<style type="text/css">
.log { display: none;} 
.stack-trace { display: none;} 
</style>
<script type="text/javascript">
<!--
function flip(e) {
  current = e.style.display;
  if (current == 'block') {
    e.style.display = 'none';
    return 0;
  }
  else {
    e.style.display = 'block';
    return 1;
  }
}

function toggleBox(szDivId, elem, msg1, msg2)
{
  var res = -1;  if (document.getElementById) {
    res = flip(document.getElementById(szDivId));
  }
  else if (document.all) {
    // this is the way old msie versions work
    res = flip(document.all[szDivId]);
  }
  if(elem) {
    if(res == 0) elem.innerHTML = msg1; else elem.innerHTML = msg2;
  }

}

function toggleAllBoxes() {
  if (document.getElementsByTagName) {
    d = document.getElementsByTagName('div');
    for (i = 0; i < d.length; i++) {
      if (d[i].className == 'log') {
        flip(d[i]);
      }
    }
  }
}

// -->
</script>

</head>
<body>
<h2 align='center'>Default test</h2><table border='1' align="center">
<tr>
<td>Tests passed/Failed/Skipped:</td><td>4/2/0</td>
</tr><tr>
<td>Started on:</td><td>Thu Jan 23 23:49:11 UTC 2025</td>
</tr>
<tr><td>Total time:</td><td>63 seconds (63612 ms)</td>
</tr><tr>
<td>Included groups:</td><td></td>
</tr><tr>
<td>Excluded groups:</td><td></td>
</tr>
</table><p/>
<small><i>(Hover the method name to see the test class name)</i></small><p/>
<table width='100%' border='1' class='invocation-failed'>
<tr><td colspan='4' align='center'><b>FAILED TESTS</b></td></tr>
<tr><td><b>Test method</b></td>
<td width="30%"><b>Exception</b></td>
<td width="10%"><b>Time (seconds)</b></td>
<td><b>Instance</b></td>
</tr>
<tr>
<td title='TestRunner.RunnerTest.runScenario()'><b>runScenario</b><br>Test class: TestRunner.RunnerTest<br>Test method: Runs Cucumber Scenarios<br>Parameters: "Test the Search Flight Functionality", "Test the Goibibo Application"</td>
<td><div><pre>org.openqa.selenium.NoSuchElementException: Unable to find element with locator By.xpath: //span[@class=&apos;logSprite icClose&apos;]
For documentation on this error, please visit: https://www.selenium.dev/documentation/webdriver/troubleshooting/errors#no-such-element-exception
Build info: version: &apos;4.16.1&apos;, revision: &apos;9b4c83354e&apos;
System info: os.name: &apos;Windows 10&apos;, os.arch: &apos;amd64&apos;, os.version: &apos;10.0&apos;, java.version: &apos;17.0.11&apos;
Driver info: driver.version: RemoteWebDriver
	at org.openqa.selenium.remote.ElementLocation$ElementFinder$2.findElement(ElementLocation.java:168)
	at org.openqa.selenium.remote.ElementLocation.findElement(ElementLocation.java:59)
	at org.openqa.selenium.remote.RemoteWebDriver.findElement(RemoteWebDriver.java:360)
	at org.openqa.selenium.remote.RemoteWebDriver.findElement(RemoteWebDriver.java:354)
	at StepDefinations.StepDefinationhttpsGoibibo.user_open_the_link_and_click_on_cancel_signup_button(StepDefinationhttpsGoibibo.java:20)
	at ✽.user open the &quot;https://www.goibibo.com/&quot; link and click on cancel signup button(file:///C:/Users/RSC/git/OHRM/src/test/java/Feature/goibibo.feature:4)
</pre></div><a href='#' onClick='toggleBox("stack-trace118456878", this, "Click to show all stack frames", "Click to hide stack frames")'>Click to show all stack frames</a>
<div class='stack-trace' id='stack-trace118456878'><pre>org.openqa.selenium.NoSuchElementException: Unable to find element with locator By.xpath: //span[@class=&apos;logSprite icClose&apos;]
For documentation on this error, please visit: https://www.selenium.dev/documentation/webdriver/troubleshooting/errors#no-such-element-exception
Build info: version: &apos;4.16.1&apos;, revision: &apos;9b4c83354e&apos;
System info: os.name: &apos;Windows 10&apos;, os.arch: &apos;amd64&apos;, os.version: &apos;10.0&apos;, java.version: &apos;17.0.11&apos;
Driver info: driver.version: RemoteWebDriver
	at org.openqa.selenium.remote.ElementLocation$ElementFinder$2.findElement(ElementLocation.java:168)
	at org.openqa.selenium.remote.ElementLocation.findElement(ElementLocation.java:59)
	at org.openqa.selenium.remote.RemoteWebDriver.findElement(RemoteWebDriver.java:360)
	at org.openqa.selenium.remote.RemoteWebDriver.findElement(RemoteWebDriver.java:354)
	at StepDefinations.StepDefinationhttpsGoibibo.user_open_the_link_and_click_on_cancel_signup_button(StepDefinationhttpsGoibibo.java:20)
	at ✽.user open the &quot;https://www.goibibo.com/&quot; link and click on cancel signup button(file:///C:/Users/RSC/git/OHRM/src/test/java/Feature/goibibo.feature:4)
</pre></div></td>
<td>25</td>
<td>TestRunner.RunnerTest@b9b00e0</td></tr>
<tr>
<td title='TestRunner.RunnerTest.runScenario()'><b>runScenario</b><br>Test class: TestRunner.RunnerTest<br>Test method: Runs Cucumber Scenarios<br>Parameters: "Test Search Bus Functionality", "Test Redbus Application"</td>
<td><div><pre>org.openqa.selenium.StaleElementReferenceException: stale element reference: stale element not found in the current frame
  (Session info: chrome=131.0.6778.265)
For documentation on this error, please visit: https://www.selenium.dev/documentation/webdriver/troubleshooting/errors#stale-element-reference-exception
Build info: version: &apos;4.16.1&apos;, revision: &apos;9b4c83354e&apos;
System info: os.name: &apos;Windows 10&apos;, os.arch: &apos;amd64&apos;, os.version: &apos;10.0&apos;, java.version: &apos;17.0.11&apos;
Driver info: org.openqa.selenium.chrome.ChromeDriver
Command: [6b151363fa5e9f172f3c05aa1070e10c, getElementText {id=f.1D2D247AF9F70F0CB1C55B35F99DCBF1.d.5F8322FD715BF1687EF37944A4877C9F.e.38}]
Capabilities {acceptInsecureCerts: false, browserName: chrome, browserVersion: 131.0.6778.265, chrome: {chromedriverVersion: 131.0.6778.264 (2d05e315153..., userDataDir: C:\Users\RSC\AppData\Local\...}, fedcm:accounts: true, goog:chromeOptions: {debuggerAddress: localhost:64305}, networkConnectionEnabled: false, pageLoadStrategy: normal, platformName: windows, proxy: Proxy(), se:cdp: ws://localhost:64305/devtoo..., se:cdpVersion: 131.0.6778.265, setWindowRect: true, strictFileInteractability: false, timeouts: {implicit: 0, pageLoad: 300000, script: 30000}, unhandledPromptBehavior: dismiss and notify, webauthn:extension:credBlob: true, webauthn:extension:largeBlob: true, webauthn:extension:minPinLength: true, webauthn:extension:prf: true, webauthn:virtualAuthenticators: true}
Element: [[ChromeDriver: chrome on windows (6b151363fa5e9f172f3c05aa1070e10c)] -&gt; xpath: //div[@class=&apos;DayNavigator__IconBlock-qj8jdz-2 iZpveD&apos;][2]]
Session ID: 6b151363fa5e9f172f3c05aa1070e10c
	at java.base/jdk.internal.reflect.NativeConstructorAccessorImpl.newInstance0(Native Method)
	at java.base/jdk.internal.reflect.NativeConstructorAccessorImpl.newInstance(NativeConstructorAccessorImpl.java:77)
	at java.base/jdk.internal.reflect.DelegatingConstructorAccessorImpl.newInstance(DelegatingConstructorAccessorImpl.java:45)
	at java.base/java.lang.reflect.Constructor.newInstanceWithCaller(Constructor.java:499)
	at java.base/java.lang.reflect.Constructor.newInstance(Constructor.java:480)
	at org.openqa.selenium.remote.codec.w3c.W3CHttpResponseCodec.createException(W3CHttpResponseCodec.java:200)
	at org.openqa.selenium.remote.codec.w3c.W3CHttpResponseCodec.decode(W3CHttpResponseCodec.java:133)
	at org.openqa.selenium.remote.codec.w3c.W3CHttpResponseCodec.decode(W3CHttpResponseCodec.java:52)
	at org.openqa.selenium.remote.HttpCommandExecutor.execute(HttpCommandExecutor.java:191)
	at org.openqa.selenium.remote.service.DriverCommandExecutor.invokeExecute(DriverCommandExecutor.java:200)
	at org.openqa.selenium.remote.service.DriverCommandExecutor.execute(DriverCommandExecutor.java:175)
	at org.openqa.selenium.remote.RemoteWebDriver.execute(RemoteWebDriver.java:523)
	at org.openqa.selenium.remote.RemoteWebElement.execute(RemoteWebElement.java:224)
	at org.openqa.selenium.remote.RemoteWebElement.getText(RemoteWebElement.java:192)
	at UtilityLayer.Calender.selectMonthYear(Calender.java:11)
	at StepDefinations.StepDefinationRedBus.user_select_date_and_monthyear(StepDefinationRedBus.java:35)
	at ✽.user select &quot;10&quot; Date and &quot;Feb 2025&quot; monthyear(file:///C:/Users/RSC/git/OHRM/src/test/java/Feature/RedBus.feature:7)
</pre></div><a href='#' onClick='toggleBox("stack-trace2011636843", this, "Click to show all stack frames", "Click to hide stack frames")'>Click to show all stack frames</a>
<div class='stack-trace' id='stack-trace2011636843'><pre>org.openqa.selenium.StaleElementReferenceException: stale element reference: stale element not found in the current frame
  (Session info: chrome=131.0.6778.265)
For documentation on this error, please visit: https://www.selenium.dev/documentation/webdriver/troubleshooting/errors#stale-element-reference-exception
Build info: version: &apos;4.16.1&apos;, revision: &apos;9b4c83354e&apos;
System info: os.name: &apos;Windows 10&apos;, os.arch: &apos;amd64&apos;, os.version: &apos;10.0&apos;, java.version: &apos;17.0.11&apos;
Driver info: org.openqa.selenium.chrome.ChromeDriver
Command: [6b151363fa5e9f172f3c05aa1070e10c, getElementText {id=f.1D2D247AF9F70F0CB1C55B35F99DCBF1.d.5F8322FD715BF1687EF37944A4877C9F.e.38}]
Capabilities {acceptInsecureCerts: false, browserName: chrome, browserVersion: 131.0.6778.265, chrome: {chromedriverVersion: 131.0.6778.264 (2d05e315153..., userDataDir: C:\Users\RSC\AppData\Local\...}, fedcm:accounts: true, goog:chromeOptions: {debuggerAddress: localhost:64305}, networkConnectionEnabled: false, pageLoadStrategy: normal, platformName: windows, proxy: Proxy(), se:cdp: ws://localhost:64305/devtoo..., se:cdpVersion: 131.0.6778.265, setWindowRect: true, strictFileInteractability: false, timeouts: {implicit: 0, pageLoad: 300000, script: 30000}, unhandledPromptBehavior: dismiss and notify, webauthn:extension:credBlob: true, webauthn:extension:largeBlob: true, webauthn:extension:minPinLength: true, webauthn:extension:prf: true, webauthn:virtualAuthenticators: true}
Element: [[ChromeDriver: chrome on windows (6b151363fa5e9f172f3c05aa1070e10c)] -&gt; xpath: //div[@class=&apos;DayNavigator__IconBlock-qj8jdz-2 iZpveD&apos;][2]]
Session ID: 6b151363fa5e9f172f3c05aa1070e10c
	at java.base/jdk.internal.reflect.NativeConstructorAccessorImpl.newInstance0(Native Method)
	at java.base/jdk.internal.reflect.NativeConstructorAccessorImpl.newInstance(NativeConstructorAccessorImpl.java:77)
	at java.base/jdk.internal.reflect.DelegatingConstructorAccessorImpl.newInstance(DelegatingConstructorAccessorImpl.java:45)
	at java.base/java.lang.reflect.Constructor.newInstanceWithCaller(Constructor.java:499)
	at java.base/java.lang.reflect.Constructor.newInstance(Constructor.java:480)
	at org.openqa.selenium.remote.codec.w3c.W3CHttpResponseCodec.createException(W3CHttpResponseCodec.java:200)
	at org.openqa.selenium.remote.codec.w3c.W3CHttpResponseCodec.decode(W3CHttpResponseCodec.java:133)
	at org.openqa.selenium.remote.codec.w3c.W3CHttpResponseCodec.decode(W3CHttpResponseCodec.java:52)
	at org.openqa.selenium.remote.HttpCommandExecutor.execute(HttpCommandExecutor.java:191)
	at org.openqa.selenium.remote.service.DriverCommandExecutor.invokeExecute(DriverCommandExecutor.java:200)
	at org.openqa.selenium.remote.service.DriverCommandExecutor.execute(DriverCommandExecutor.java:175)
	at org.openqa.selenium.remote.RemoteWebDriver.execute(RemoteWebDriver.java:523)
	at org.openqa.selenium.remote.RemoteWebElement.execute(RemoteWebElement.java:224)
	at org.openqa.selenium.remote.RemoteWebElement.getText(RemoteWebElement.java:192)
	at UtilityLayer.Calender.selectMonthYear(Calender.java:11)
	at StepDefinations.StepDefinationRedBus.user_select_date_and_monthyear(StepDefinationRedBus.java:35)
	at ✽.user select &quot;10&quot; Date and &quot;Feb 2025&quot; monthyear(file:///C:/Users/RSC/git/OHRM/src/test/java/Feature/RedBus.feature:7)
</pre></div></td>
<td>8</td>
<td>TestRunner.RunnerTest@b9b00e0</td></tr>
</table><p>
<table width='100%' border='1' class='invocation-passed'>
<tr><td colspan='4' align='center'><b>PASSED TESTS</b></td></tr>
<tr><td><b>Test method</b></td>
<td width="30%"><b>Exception</b></td>
<td width="10%"><b>Time (seconds)</b></td>
<td><b>Instance</b></td>
</tr>
<tr>
<td title='TestRunner.RunnerTest.runScenario()'><b>runScenario</b><br>Test class: TestRunner.RunnerTest<br>Test method: Runs Cucumber Scenarios<br>Parameters: "Validate the Product Functinality", "Test saucedemo Application"</td>
<td></td>
<td>11</td>
<td>TestRunner.RunnerTest@b9b00e0</td></tr>
<tr>
<td title='TestRunner.RunnerTest.runScenario()'><b>runScenario</b><br>Test class: TestRunner.RunnerTest<br>Test method: Runs Cucumber Scenarios<br>Parameters: "Validate the login Functinality", "Test saucedemo Application"</td>
<td></td>
<td>6</td>
<td>TestRunner.RunnerTest@b9b00e0</td></tr>
<tr>
<td title='TestRunner.RunnerTest.runScenario()'><b>runScenario</b><br>Test class: TestRunner.RunnerTest<br>Test method: Runs Cucumber Scenarios<br>Parameters: "Test the Facebook Registration Page", "Test Facebook Application"</td>
<td></td>
<td>10</td>
<td>TestRunner.RunnerTest@b9b00e0</td></tr>
<tr>
<td title='TestRunner.RunnerTest.runScenario()'><b>runScenario</b><br>Test class: TestRunner.RunnerTest<br>Test method: Runs Cucumber Scenarios<br>Parameters: "Validate the Personal Functinality", "Test saucedemo Application"</td>
<td></td>
<td>0</td>
<td>TestRunner.RunnerTest@b9b00e0</td></tr>
</table><p>
</body>
</html>